This is pdfTeX, Version 3.14159265-2.6-1.40.17 (TeX Live 2016/Debian) (preloaded format=pdflatex 2017.6.23)  1 SEP 2017 10:33
entering extended mode
 restricted \write18 enabled.
 %&-line parsing enabled.
**data_assimilation.tex
(./data_assimilation.tex
LaTeX2e <2016/03/31>
Babel <3.9r> and hyphenation patterns for 3 language(s) loaded.
(/usr/share/texlive/texmf-dist/tex/latex/base/article.cls
Document Class: article 2014/09/29 v1.4h Standard LaTeX document class
(/usr/share/texlive/texmf-dist/tex/latex/base/size11.clo
File: size11.clo 2014/09/29 v1.4h Standard LaTeX file (size option)
)
\c@part=\count79
\c@section=\count80
\c@subsection=\count81
\c@subsubsection=\count82
\c@paragraph=\count83
\c@subparagraph=\count84
\c@figure=\count85
\c@table=\count86
\abovecaptionskip=\skip41
\belowcaptionskip=\skip42
\bibindent=\dimen102
)
(./Sections/header.tex
(/usr/share/texlive/texmf-dist/tex/latex/amsmath/amsmath.sty
Package: amsmath 2016/03/10 v2.15b AMS math features
\@mathmargin=\skip43

For additional information on amsmath, use the `?' option.
(/usr/share/texlive/texmf-dist/tex/latex/amsmath/amstext.sty
Package: amstext 2000/06/29 v2.01 AMS text

(/usr/share/texlive/texmf-dist/tex/latex/amsmath/amsgen.sty
File: amsgen.sty 1999/11/30 v2.0 generic functions
\@emptytoks=\toks14
\ex@=\dimen103
))
(/usr/share/texlive/texmf-dist/tex/latex/amsmath/amsbsy.sty
Package: amsbsy 1999/11/29 v1.2d Bold Symbols
\pmbraise@=\dimen104
)
(/usr/share/texlive/texmf-dist/tex/latex/amsmath/amsopn.sty
Package: amsopn 2016/03/08 v2.02 operator names
)
\inf@bad=\count87
LaTeX Info: Redefining \frac on input line 199.
\uproot@=\count88
\leftroot@=\count89
LaTeX Info: Redefining \overline on input line 297.
\classnum@=\count90
\DOTSCASE@=\count91
LaTeX Info: Redefining \ldots on input line 394.
LaTeX Info: Redefining \dots on input line 397.
LaTeX Info: Redefining \cdots on input line 518.
\Mathstrutbox@=\box26
\strutbox@=\box27
\big@size=\dimen105
LaTeX Font Info:    Redeclaring font encoding OML on input line 634.
LaTeX Font Info:    Redeclaring font encoding OMS on input line 635.
\macc@depth=\count92
\c@MaxMatrixCols=\count93
\dotsspace@=\muskip10
\c@parentequation=\count94
\dspbrk@lvl=\count95
\tag@help=\toks15
\row@=\count96
\column@=\count97
\maxfields@=\count98
\andhelp@=\toks16
\eqnshift@=\dimen106
\alignsep@=\dimen107
\tagshift@=\dimen108
\tagwidth@=\dimen109
\totwidth@=\dimen110
\lineht@=\dimen111
\@envbody=\toks17
\multlinegap=\skip44
\multlinetaggap=\skip45
\mathdisplay@stack=\toks18
LaTeX Info: Redefining \[ on input line 2739.
LaTeX Info: Redefining \] on input line 2740.
)
(/usr/share/texlive/texmf-dist/tex/latex/amsfonts/amssymb.sty
Package: amssymb 2013/01/14 v3.01 AMS font symbols

(/usr/share/texlive/texmf-dist/tex/latex/amsfonts/amsfonts.sty
Package: amsfonts 2013/01/14 v3.01 Basic AMSFonts support
\symAMSa=\mathgroup4
\symAMSb=\mathgroup5
LaTeX Font Info:    Overwriting math alphabet `\mathfrak' in version `bold'
(Font)                  U/euf/m/n --> U/euf/b/n on input line 106.
))
(/usr/share/texlive/texmf-dist/tex/latex/amscls/amsthm.sty
Package: amsthm 2015/03/04 v2.20.2
\thm@style=\toks19
\thm@bodyfont=\toks20
\thm@headfont=\toks21
\thm@notefont=\toks22
\thm@headpunct=\toks23
\thm@preskip=\skip46
\thm@postskip=\skip47
\thm@headsep=\skip48
\dth@everypar=\toks24
)
(/usr/share/texlive/texmf-dist/tex/latex/graphics/graphicx.sty
Package: graphicx 2014/10/28 v1.0g Enhanced LaTeX Graphics (DPC,SPQR)

(/usr/share/texlive/texmf-dist/tex/latex/graphics/keyval.sty
Package: keyval 2014/10/28 v1.15 key=value parser (DPC)
\KV@toks@=\toks25
)
(/usr/share/texlive/texmf-dist/tex/latex/graphics/graphics.sty
Package: graphics 2016/05/09 v1.0r Standard LaTeX Graphics (DPC,SPQR)

(/usr/share/texlive/texmf-dist/tex/latex/graphics/trig.sty
Package: trig 2016/01/03 v1.10 sin cos tan (DPC)
)
(/usr/share/texlive/texmf-dist/tex/latex/graphics-cfg/graphics.cfg
File: graphics.cfg 2016/01/02 v1.10 sample graphics configuration
)
Package graphics Info: Driver file: pdftex.def on input line 96.

(/usr/share/texlive/texmf-dist/tex/latex/pdftex-def/pdftex.def
File: pdftex.def 2011/05/27 v0.06d Graphics/color for pdfTeX

(/usr/share/texlive/texmf-dist/tex/generic/oberdiek/infwarerr.sty
Package: infwarerr 2016/05/16 v1.4 Providing info/warning/error messages (HO)
)
(/usr/share/texlive/texmf-dist/tex/generic/oberdiek/ltxcmds.sty
Package: ltxcmds 2016/05/16 v1.23 LaTeX kernel commands for general use (HO)
)
\Gread@gobject=\count99
))
\Gin@req@height=\dimen112
\Gin@req@width=\dimen113
)
(/usr/share/texlive/texmf-dist/tex/latex/caption/caption.sty
Package: caption 2016/02/21 v3.3-144 Customizing captions (AR)

(/usr/share/texlive/texmf-dist/tex/latex/caption/caption3.sty
Package: caption3 2016/02/04 v1.7-139 caption3 kernel (AR)
Package caption3 Info: TeX engine: e-TeX on input line 67.
\captionmargin=\dimen114
\captionmargin@=\dimen115
\captionwidth=\dimen116
\caption@tempdima=\dimen117
\caption@indent=\dimen118
\caption@parindent=\dimen119
\caption@hangindent=\dimen120
)
\c@ContinuedFloat=\count100
)
(/usr/share/texlive/texmf-dist/tex/latex/caption/subcaption.sty
Package: subcaption 2016/02/20 v1.1-142 Sub-captions (AR)
\c@subfigure=\count101
\c@subtable=\count102
)
\c@thm=\count103
\c@lem=\count104
)
(./data_assimilation.aux

LaTeX Warning: Label `fig:Mval_1' multiply defined.


LaTeX Warning: Label `fig:Mval_1' multiply defined.

)
\openout1 = `data_assimilation.aux'.

LaTeX Font Info:    Checking defaults for OML/cmm/m/it on input line 7.
LaTeX Font Info:    ... okay on input line 7.
LaTeX Font Info:    Checking defaults for T1/cmr/m/n on input line 7.
LaTeX Font Info:    ... okay on input line 7.
LaTeX Font Info:    Checking defaults for OT1/cmr/m/n on input line 7.
LaTeX Font Info:    ... okay on input line 7.
LaTeX Font Info:    Checking defaults for OMS/cmsy/m/n on input line 7.
LaTeX Font Info:    ... okay on input line 7.
LaTeX Font Info:    Checking defaults for OMX/cmex/m/n on input line 7.
LaTeX Font Info:    ... okay on input line 7.
LaTeX Font Info:    Checking defaults for U/cmr/m/n on input line 7.
LaTeX Font Info:    ... okay on input line 7.
 (/usr/share/texlive/texmf-dist/tex/context/base/mkii/supp-pdf.mkii
[Loading MPS to PDF converter (version 2006.09.02).]
\scratchcounter=\count105
\scratchdimen=\dimen121
\scratchbox=\box28
\nofMPsegments=\count106
\nofMParguments=\count107
\everyMPshowfont=\toks26
\MPscratchCnt=\count108
\MPscratchDim=\dimen122
\MPnumerator=\count109
\makeMPintoPDFobject=\count110
\everyMPtoPDFconversion=\toks27
) (/usr/share/texlive/texmf-dist/tex/generic/oberdiek/pdftexcmds.sty
Package: pdftexcmds 2016/05/10 v0.21 Utility functions of pdfTeX for LuaTeX (HO
)

(/usr/share/texlive/texmf-dist/tex/generic/oberdiek/ifluatex.sty
Package: ifluatex 2016/05/16 v1.4 Provides the ifluatex switch (HO)
Package ifluatex Info: LuaTeX not detected.
)
(/usr/share/texlive/texmf-dist/tex/generic/oberdiek/ifpdf.sty
Package: ifpdf 2016/05/14 v3.1 Provides the ifpdf switch
)
Package pdftexcmds Info: LuaTeX not detected.
Package pdftexcmds Info: \pdf@primitive is available.
Package pdftexcmds Info: \pdf@ifprimitive is available.
Package pdftexcmds Info: \pdfdraftmode found.
)
(/usr/share/texlive/texmf-dist/tex/latex/oberdiek/epstopdf-base.sty
Package: epstopdf-base 2016/05/15 v2.6 Base part for package epstopdf

(/usr/share/texlive/texmf-dist/tex/latex/oberdiek/grfext.sty
Package: grfext 2016/05/16 v1.2 Manage graphics extensions (HO)

(/usr/share/texlive/texmf-dist/tex/generic/oberdiek/kvdefinekeys.sty
Package: kvdefinekeys 2016/05/16 v1.4 Define keys (HO)
))
(/usr/share/texlive/texmf-dist/tex/latex/oberdiek/kvoptions.sty
Package: kvoptions 2016/05/16 v3.12 Key value format for package options (HO)

(/usr/share/texlive/texmf-dist/tex/generic/oberdiek/kvsetkeys.sty
Package: kvsetkeys 2016/05/16 v1.17 Key value parser (HO)

(/usr/share/texlive/texmf-dist/tex/generic/oberdiek/etexcmds.sty
Package: etexcmds 2016/05/16 v1.6 Avoid name clashes with e-TeX commands (HO)
Package etexcmds Info: Could not find \expanded.
(etexcmds)             That can mean that you are not using pdfTeX 1.50 or
(etexcmds)             that some package has redefined \expanded.
(etexcmds)             In the latter case, load this package earlier.
)))
Package grfext Info: Graphics extension search list:
(grfext)             [.png,.pdf,.jpg,.mps,.jpeg,.jbig2,.jb2,.PNG,.PDF,.JPG,.JPE
G,.JBIG2,.JB2,.eps]
(grfext)             \AppendGraphicsExtensions on input line 456.

(/usr/share/texlive/texmf-dist/tex/latex/latexconfig/epstopdf-sys.cfg
File: epstopdf-sys.cfg 2010/07/13 v1.3 Configuration of (r)epstopdf for TeX Liv
e
))
Package caption Info: Begin \AtBeginDocument code.
Package caption Info: End \AtBeginDocument code.
LaTeX Font Info:    Try loading font information for U+msa on input line 8.

(/usr/share/texlive/texmf-dist/tex/latex/amsfonts/umsa.fd
File: umsa.fd 2013/01/14 v3.01 AMS symbols A
)
LaTeX Font Info:    Try loading font information for U+msb on input line 8.

(/usr/share/texlive/texmf-dist/tex/latex/amsfonts/umsb.fd
File: umsb.fd 2013/01/14 v3.01 AMS symbols B
)

LaTeX Warning: No \author given.

(./Sections/introduction.tex [1

{/var/lib/texmf/fonts/map/pdftex/updmap/pdftex.map}]) (./Sections/afm_dno_metho
d.tex [2]) (./Sections/the_kalman_filter.tex
[3] [4] [5] [6]) (./Sections/assimilation.tex [7]
<Images/wave_tf_20_sig_pt1_4_vs8pplates_Mval_1.pdf, id=39, 1445.4pt x 691.58376
pt>
File: Images/wave_tf_20_sig_pt1_4_vs8pplates_Mval_1.pdf Graphic file (type pdf)

 <use Images/wave_tf_20_sig_pt1_4_vs8pplates_Mval_1.pdf>
Package pdftex.def Info: Images/wave_tf_20_sig_pt1_4_vs8pplates_Mval_1.pdf used
 on input line 17.
(pdftex.def)             Requested size: 341.9989pt x 163.63023pt.

<Images/histogram_tf_20_sig_pt1_4_vs8pplates_Mval_1.pdf, id=40, 1445.4pt x 655.
44875pt>
File: Images/histogram_tf_20_sig_pt1_4_vs8pplates_Mval_1.pdf Graphic file (type
 pdf)
 <use Images/histogram_tf_20_sig_pt1_4_vs8pplates_Mval_1.pdf>
Package pdftex.def Info: Images/histogram_tf_20_sig_pt1_4_vs8pplates_Mval_1.pdf
 used on input line 19.
(pdftex.def)             Requested size: 341.9989pt x 155.08061pt.

<Images/rmserr_tf_20_sig_pt1_4_vs8pplates_Mval_1.pdf, id=41, 1445.4pt x 691.583
76pt>
File: Images/rmserr_tf_20_sig_pt1_4_vs8pplates_Mval_1.pdf Graphic file (type pd
f)
 <use Images/rmserr_tf_20_sig_pt1_4_vs8pplates_Mval_1.pdf>
Package pdftex.def Info: Images/rmserr_tf_20_sig_pt1_4_vs8pplates_Mval_1.pdf us
ed on input line 21.
(pdftex.def)             Requested size: 341.9989pt x 163.63023pt.

<Images/wave_tf_20_sig_pt1_4_vs8pplates_Mval_14.pdf, id=42, 1445.4pt x 691.5837
6pt>
File: Images/wave_tf_20_sig_pt1_4_vs8pplates_Mval_14.pdf Graphic file (type pdf
)
 <use Images/wave_tf_20_sig_pt1_4_vs8pplates_Mval_14.pdf>
Package pdftex.def Info: Images/wave_tf_20_sig_pt1_4_vs8pplates_Mval_14.pdf use
d on input line 32.
(pdftex.def)             Requested size: 341.9989pt x 163.63023pt.

<Images/histogram_tf_20_sig_pt1_4_vs8pplates_Mval_14.pdf, id=43, 1445.4pt x 655
.44875pt>
File: Images/histogram_tf_20_sig_pt1_4_vs8pplates_Mval_14.pdf Graphic file (typ
e pdf)
 <use Images/histogram_tf_20_sig_pt1_4_vs8pplates_Mval_14.pdf>
Package pdftex.def Info: Images/histogram_tf_20_sig_pt1_4_vs8pplates_Mval_14.pd
f used on input line 34.
(pdftex.def)             Requested size: 341.9989pt x 155.08061pt.

<Images/rmserr_tf_20_sig_pt1_4_vs8pplates_Mval_14.pdf, id=44, 1445.4pt x 691.58
376pt>
File: Images/rmserr_tf_20_sig_pt1_4_vs8pplates_Mval_14.pdf Graphic file (type p
df)
 <use Images/rmserr_tf_20_sig_pt1_4_vs8pplates_Mval_14.pdf>
Package pdftex.def Info: Images/rmserr_tf_20_sig_pt1_4_vs8pplates_Mval_14.pdf u
sed on input line 36.
(pdftex.def)             Requested size: 341.9989pt x 163.63023pt.
 [8] [9 <./Images/wave_tf_20_sig_pt1_4_vs8pplates_Mval_1.pdf> <./Images/histogr
am_tf_20_sig_pt1_4_vs8pplates_Mval_1.pdf> <./Images/rmserr_tf_20_sig_pt1_4_vs8p
plates_Mval_1.pdf>]
<Images/wave_tf_20_sig_pt1_4_vs8floats_Mval_1.pdf, id=109, 1445.4pt x 655.44875
pt>
File: Images/wave_tf_20_sig_pt1_4_vs8floats_Mval_1.pdf Graphic file (type pdf)
 <use Images/wave_tf_20_sig_pt1_4_vs8floats_Mval_1.pdf>
Package pdftex.def Info: Images/wave_tf_20_sig_pt1_4_vs8floats_Mval_1.pdf used 
on input line 51.
(pdftex.def)             Requested size: 341.9989pt x 155.08061pt.

<Images/histogram_tf_20_sig_pt1_4_vs_8floats_Mval_1.pdf, id=110, 1445.4pt x 655
.44875pt>
File: Images/histogram_tf_20_sig_pt1_4_vs_8floats_Mval_1.pdf Graphic file (type
 pdf)
 <use Images/histogram_tf_20_sig_pt1_4_vs_8floats_Mval_1.pdf>
Package pdftex.def Info: Images/histogram_tf_20_sig_pt1_4_vs_8floats_Mval_1.pdf
 used on input line 53.
(pdftex.def)             Requested size: 341.9989pt x 155.08061pt.

<Images/rmserr_tf_20_sig_pt1_4_vs8floats_Mval_1.pdf, id=111, 1445.4pt x 691.583
76pt>
File: Images/rmserr_tf_20_sig_pt1_4_vs8floats_Mval_1.pdf Graphic file (type pdf
)
 <use Images/rmserr_tf_20_sig_pt1_4_vs8floats_Mval_1.pdf>
Package pdftex.def Info: Images/rmserr_tf_20_sig_pt1_4_vs8floats_Mval_1.pdf use
d on input line 55.
(pdftex.def)             Requested size: 341.9989pt x 163.63023pt.

<Images/wave_tf_20_sig_pt1_4_vs8floats_Mval_14.pdf, id=112, 1445.4pt x 691.5837
6pt>
File: Images/wave_tf_20_sig_pt1_4_vs8floats_Mval_14.pdf Graphic file (type pdf)

 <use Images/wave_tf_20_sig_pt1_4_vs8floats_Mval_14.pdf>
Package pdftex.def Info: Images/wave_tf_20_sig_pt1_4_vs8floats_Mval_14.pdf used
 on input line 65.
(pdftex.def)             Requested size: 341.9989pt x 163.63023pt.

<Images/histogram_tf_20_sig_pt1_4_vs_8floats_Mval_14.pdf, id=113, 1445.4pt x 65
5.44875pt>
File: Images/histogram_tf_20_sig_pt1_4_vs_8floats_Mval_14.pdf Graphic file (typ
e pdf)
 <use Images/histogram_tf_20_sig_pt1_4_vs_8floats_Mval_14.pdf>
Package pdftex.def Info: Images/histogram_tf_20_sig_pt1_4_vs_8floats_Mval_14.pd
f used on input line 67.
(pdftex.def)             Requested size: 341.9989pt x 155.08061pt.

<Images/rmserr_tf_20_sig_pt1_4_vs8floats_Mval_14.pdf, id=114, 1445.4pt x 691.58
376pt>
File: Images/rmserr_tf_20_sig_pt1_4_vs8floats_Mval_14.pdf Graphic file (type pd
f)
 <use Images/rmserr_tf_20_sig_pt1_4_vs8floats_Mval_14.pdf>
Package pdftex.def Info: Images/rmserr_tf_20_sig_pt1_4_vs8floats_Mval_14.pdf us
ed on input line 69.
(pdftex.def)             Requested size: 341.9989pt x 163.63023pt.
)
(./data_assimilation.bbl) [10] [11 <./Images/wave_tf_20_sig_pt1_4_vs8pplates_Mv
al_14.pdf> <./Images/histogram_tf_20_sig_pt1_4_vs8pplates_Mval_14.pdf> <./Image
s/rmserr_tf_20_sig_pt1_4_vs8pplates_Mval_14.pdf>] [12 <./Images/wave_tf_20_sig_
pt1_4_vs8floats_Mval_1.pdf> <./Images/histogram_tf_20_sig_pt1_4_vs_8floats_Mval
_1.pdf> <./Images/rmserr_tf_20_sig_pt1_4_vs8floats_Mval_1.pdf>] [13 <./Images/w
ave_tf_20_sig_pt1_4_vs8floats_Mval_14.pdf> <./Images/histogram_tf_20_sig_pt1_4_
vs_8floats_Mval_14.pdf> <./Images/rmserr_tf_20_sig_pt1_4_vs8floats_Mval_14.pdf>
] (./data_assimilation.aux)

LaTeX Warning: There were multiply-defined labels.

 ) 
Here is how much of TeX's memory you used:
 3695 strings out of 494946
 56108 string characters out of 6181040
 115152 words of memory out of 5000000
 6916 multiletter control sequences out of 15000+600000
 12319 words of font info for 46 fonts, out of 8000000 for 9000
 14 hyphenation exceptions out of 8191
 38i,12n,39p,1144b,329s stack positions out of 5000i,500n,10000p,200000b,80000s
</usr/share/texlive/texmf-dist/fonts/type1/public/amsfonts/cm/cmbx12.pfb></us
r/share/texlive/texmf-dist/fonts/type1/public/amsfonts/cm/cmbx8.pfb></usr/share
/texlive/texmf-dist/fonts/type1/public/amsfonts/cm/cmex10.pfb></usr/share/texli
ve/texmf-dist/fonts/type1/public/amsfonts/cmextra/cmex8.pfb></usr/share/texlive
/texmf-dist/fonts/type1/public/amsfonts/cm/cmmi10.pfb></usr/share/texlive/texmf
-dist/fonts/type1/public/amsfonts/cm/cmmi6.pfb></usr/share/texlive/texmf-dist/f
onts/type1/public/amsfonts/cm/cmmi8.pfb></usr/share/texlive/texmf-dist/fonts/ty
pe1/public/amsfonts/cm/cmr10.pfb></usr/share/texlive/texmf-dist/fonts/type1/pub
lic/amsfonts/cm/cmr17.pfb></usr/share/texlive/texmf-dist/fonts/type1/public/ams
fonts/cm/cmr8.pfb></usr/share/texlive/texmf-dist/fonts/type1/public/amsfonts/cm
/cmsy10.pfb></usr/share/texlive/texmf-dist/fonts/type1/public/amsfonts/cm/cmsy8
.pfb></usr/share/texlive/texmf-dist/fonts/type1/public/amsfonts/cm/cmti10.pfb><
/usr/share/texlive/texmf-dist/fonts/type1/public/amsfonts/symbols/msbm10.pfb>
Output written on data_assimilation.pdf (13 pages, 264380 bytes).
PDF statistics:
 349 PDF objects out of 1000 (max. 8388607)
 253 compressed objects within 3 object streams
 0 named destinations out of 1000 (max. 500000)
 61 words of extra memory for PDF output out of 10000 (max. 10000000)

