This is pdfTeX, Version 3.14159265-2.6-1.40.16 (MiKTeX 2.9 64-bit) (preloaded format=pdflatex 2016.5.18)  12 OCT 2017 16:36
entering extended mode
**C:/Users/Chris/Desktop/Shallow_Water_Data_Assimilation_Git_Clone/data_assimil
ation.tex

(C:/Users/Chris/Desktop/Shallow_Water_Data_Assimilation_Git_Clone/data_assimila
tion.tex
LaTeX2e <2015/10/01> patch level 2
Babel <3.9n> and hyphenation patterns for 69 languages loaded.
("C:\Users\Chris\AppData\Local\Programs\MiKTeX 2.9\tex\latex\base\article.cls"
Document Class: article 2014/09/29 v1.4h Standard LaTeX document class
("C:\Users\Chris\AppData\Local\Programs\MiKTeX 2.9\tex\latex\base\size11.clo"
File: size11.clo 2014/09/29 v1.4h Standard LaTeX file (size option)
)
\c@part=\count79
\c@section=\count80
\c@subsection=\count81
\c@subsubsection=\count82
\c@paragraph=\count83
\c@subparagraph=\count84
\c@figure=\count85
\c@table=\count86
\abovecaptionskip=\skip41
\belowcaptionskip=\skip42
\bibindent=\dimen102
) (Sections/header.tex
("C:\Users\Chris\AppData\Local\Programs\MiKTeX 2.9\tex\latex\amsmath\amsmath.st
y"
Package: amsmath 2013/01/14 v2.14 AMS math features
\@mathmargin=\skip43

For additional information on amsmath, use the `?' option.

("C:\Users\Chris\AppData\Local\Programs\MiKTeX 2.9\tex\latex\amsmath\amstext.st
y"
Package: amstext 2000/06/29 v2.01

("C:\Users\Chris\AppData\Local\Programs\MiKTeX 2.9\tex\latex\amsmath\amsgen.sty
"
File: amsgen.sty 1999/11/30 v2.0
\@emptytoks=\toks14
\ex@=\dimen103
))
("C:\Users\Chris\AppData\Local\Programs\MiKTeX 2.9\tex\latex\amsmath\amsbsy.sty
"
Package: amsbsy 1999/11/29 v1.2d
\pmbraise@=\dimen104
)
("C:\Users\Chris\AppData\Local\Programs\MiKTeX 2.9\tex\latex\amsmath\amsopn.sty
"
Package: amsopn 1999/12/14 v2.01 operator names
)
\inf@bad=\count87
LaTeX Info: Redefining \frac on input line 210.
\uproot@=\count88
\leftroot@=\count89
LaTeX Info: Redefining \overline on input line 306.
\classnum@=\count90
\DOTSCASE@=\count91
LaTeX Info: Redefining \ldots on input line 378.
LaTeX Info: Redefining \dots on input line 381.
LaTeX Info: Redefining \cdots on input line 466.
\Mathstrutbox@=\box26
\strutbox@=\box27
\big@size=\dimen105
LaTeX Font Info:    Redeclaring font encoding OML on input line 566.
LaTeX Font Info:    Redeclaring font encoding OMS on input line 567.
\macc@depth=\count92
\c@MaxMatrixCols=\count93
\dotsspace@=\muskip10
\c@parentequation=\count94
\dspbrk@lvl=\count95
\tag@help=\toks15
\row@=\count96
\column@=\count97
\maxfields@=\count98
\andhelp@=\toks16
\eqnshift@=\dimen106
\alignsep@=\dimen107
\tagshift@=\dimen108
\tagwidth@=\dimen109
\totwidth@=\dimen110
\lineht@=\dimen111
\@envbody=\toks17
\multlinegap=\skip44
\multlinetaggap=\skip45
\mathdisplay@stack=\toks18
LaTeX Info: Redefining \[ on input line 2665.
LaTeX Info: Redefining \] on input line 2666.
)
("C:\Users\Chris\AppData\Local\Programs\MiKTeX 2.9\tex\latex\amsfonts\amssymb.s
ty"
Package: amssymb 2013/01/14 v3.01 AMS font symbols

("C:\Users\Chris\AppData\Local\Programs\MiKTeX 2.9\tex\latex\amsfonts\amsfonts.
sty"
Package: amsfonts 2013/01/14 v3.01 Basic AMSFonts support
\symAMSa=\mathgroup4
\symAMSb=\mathgroup5
LaTeX Font Info:    Overwriting math alphabet `\mathfrak' in version `bold'
(Font)                  U/euf/m/n --> U/euf/b/n on input line 106.
))
("C:\Users\Chris\AppData\Local\Programs\MiKTeX 2.9\tex\latex\amscls\amsthm.sty"
Package: amsthm 2015/03/04 v2.20.2
\thm@style=\toks19
\thm@bodyfont=\toks20
\thm@headfont=\toks21
\thm@notefont=\toks22
\thm@headpunct=\toks23
\thm@preskip=\skip46
\thm@postskip=\skip47
\thm@headsep=\skip48
\dth@everypar=\toks24
)
("C:\Users\Chris\AppData\Local\Programs\MiKTeX 2.9\tex\latex\graphics\graphicx.
sty"
Package: graphicx 2014/10/28 v1.0g Enhanced LaTeX Graphics (DPC,SPQR)

("C:\Users\Chris\AppData\Local\Programs\MiKTeX 2.9\tex\latex\graphics\keyval.st
y"
Package: keyval 2014/10/28 v1.15 key=value parser (DPC)
\KV@toks@=\toks25
)
("C:\Users\Chris\AppData\Local\Programs\MiKTeX 2.9\tex\latex\graphics\graphics.
sty"
Package: graphics 2014/10/28 v1.0p Standard LaTeX Graphics (DPC,SPQR)

("C:\Users\Chris\AppData\Local\Programs\MiKTeX 2.9\tex\latex\graphics\trig.sty"
Package: trig 1999/03/16 v1.09 sin cos tan (DPC)
)
("C:\Users\Chris\AppData\Local\Programs\MiKTeX 2.9\tex\latex\00miktex\graphics.
cfg"
File: graphics.cfg 2007/01/18 v1.5 graphics configuration of teTeX/TeXLive
)
Package graphics Info: Driver file: pdftex.def on input line 94.

("C:\Users\Chris\AppData\Local\Programs\MiKTeX 2.9\tex\latex\pdftex-def\pdftex.
def"
File: pdftex.def 2011/05/27 v0.06d Graphics/color for pdfTeX

("C:\Users\Chris\AppData\Local\Programs\MiKTeX 2.9\tex\generic\oberdiek\infware
rr.sty"
Package: infwarerr 2010/04/08 v1.3 Providing info/warning/error messages (HO)
)
("C:\Users\Chris\AppData\Local\Programs\MiKTeX 2.9\tex\generic\oberdiek\ltxcmds
.sty"
Package: ltxcmds 2011/11/09 v1.22 LaTeX kernel commands for general use (HO)
)
\Gread@gobject=\count99
))
\Gin@req@height=\dimen112
\Gin@req@width=\dimen113
)
("C:\Users\Chris\AppData\Local\Programs\MiKTeX 2.9\tex\latex\caption\caption.st
y"
Package: caption 2016/02/21 v3.3-144 Customizing captions (AR)

("C:\Users\Chris\AppData\Local\Programs\MiKTeX 2.9\tex\latex\caption\caption3.s
ty"
Package: caption3 2016/02/04 v1.7-139 caption3 kernel (AR)
Package caption3 Info: TeX engine: e-TeX on input line 67.
\captionmargin=\dimen114
\captionmargin@=\dimen115
\captionwidth=\dimen116
\caption@tempdima=\dimen117
\caption@indent=\dimen118
\caption@parindent=\dimen119
\caption@hangindent=\dimen120
)
\c@ContinuedFloat=\count100
)
("C:\Users\Chris\AppData\Local\Programs\MiKTeX 2.9\tex\latex\caption\subcaption
.sty"
Package: subcaption 2016/02/20 v1.1-142 Sub-captions (AR)
\c@subfigure=\count101
\c@subtable=\count102
)
\c@thm=\count103
\c@lem=\count104
) (data_assimilation.aux)
\openout1 = `data_assimilation.aux'.

LaTeX Font Info:    Checking defaults for OML/cmm/m/it on input line 7.
LaTeX Font Info:    ... okay on input line 7.
LaTeX Font Info:    Checking defaults for T1/cmr/m/n on input line 7.
LaTeX Font Info:    ... okay on input line 7.
LaTeX Font Info:    Checking defaults for OT1/cmr/m/n on input line 7.
LaTeX Font Info:    ... okay on input line 7.
LaTeX Font Info:    Checking defaults for OMS/cmsy/m/n on input line 7.
LaTeX Font Info:    ... okay on input line 7.
LaTeX Font Info:    Checking defaults for OMX/cmex/m/n on input line 7.
LaTeX Font Info:    ... okay on input line 7.
LaTeX Font Info:    Checking defaults for U/cmr/m/n on input line 7.
LaTeX Font Info:    ... okay on input line 7.

("C:\Users\Chris\AppData\Local\Programs\MiKTeX 2.9\tex\context\base\supp-pdf.mk
ii"
[Loading MPS to PDF converter (version 2006.09.02).]
\scratchcounter=\count105
\scratchdimen=\dimen121
\scratchbox=\box28
\nofMPsegments=\count106
\nofMParguments=\count107
\everyMPshowfont=\toks26
\MPscratchCnt=\count108
\MPscratchDim=\dimen122
\MPnumerator=\count109
\makeMPintoPDFobject=\count110
\everyMPtoPDFconversion=\toks27
)
Package caption Info: Begin \AtBeginDocument code.
Package caption Info: End \AtBeginDocument code.
LaTeX Font Info:    Try loading font information for U+msa on input line 8.
 ("C:\Users\Chris\AppData\Local\Programs\MiKTeX 2.9\tex\latex\amsfonts\umsa.fd"
File: umsa.fd 2013/01/14 v3.01 AMS symbols A
)
LaTeX Font Info:    Try loading font information for U+msb on input line 8.
 ("C:\Users\Chris\AppData\Local\Programs\MiKTeX 2.9\tex\latex\amsfonts\umsb.fd"
File: umsb.fd 2013/01/14 v3.01 AMS symbols B
)

LaTeX Warning: No \author given.

(Sections/introduction.tex [1

{C:/Users/Chris/AppData/Local/MiKTeX/2.9/pdftex/config/pdftex.map}]) (Sections/
afm_dno_method.tex [2])
(Sections/the_kalman_filter.tex [3] [4] [5]
Overfull \hbox (6.75432pt too wide) detected at line 84
[]\OT1/cmr/m/n/10.95 (\OML/cmm/m/it/10.95 x; t\OT1/cmr/m/n/10.95 ) = [] [] \OML
/cmm/m/it/10.95 ;
 []

[6] [7]) (Sections/assimilation.tex [8]
<Images/wave_tf_20_sig_pt1_4_vs8pplates_Mval_1.pdf, id=41, 1445.4pt x 691.58376
pt>
File: Images/wave_tf_20_sig_pt1_4_vs8pplates_Mval_1.pdf Graphic file (type pdf)

 <use Images/wave_tf_20_sig_pt1_4_vs8pplates_Mval_1.pdf>
Package pdftex.def Info: Images/wave_tf_20_sig_pt1_4_vs8pplates_Mval_1.pdf used
 on input line 17.
(pdftex.def)             Requested size: 341.9989pt x 163.63023pt.

<Images/histogram_tf_20_sig_pt1_4_vs8pplates_Mval_1.pdf, id=42, 1445.4pt x 655.
44875pt>
File: Images/histogram_tf_20_sig_pt1_4_vs8pplates_Mval_1.pdf Graphic file (type
 pdf)
 <use Images/histogram_tf_20_sig_pt1_4_vs8pplates_Mval_1.pdf>
Package pdftex.def Info: Images/histogram_tf_20_sig_pt1_4_vs8pplates_Mval_1.pdf
 used on input line 19.
(pdftex.def)             Requested size: 341.9989pt x 155.08061pt.

<Images/rmserr_tf_20_sig_pt1_4_vs8pplates_Mval_1.pdf, id=43, 1445.4pt x 655.448
75pt>
File: Images/rmserr_tf_20_sig_pt1_4_vs8pplates_Mval_1.pdf Graphic file (type pd
f)
 <use Images/rmserr_tf_20_sig_pt1_4_vs8pplates_Mval_1.pdf>
Package pdftex.def Info: Images/rmserr_tf_20_sig_pt1_4_vs8pplates_Mval_1.pdf us
ed on input line 21.
(pdftex.def)             Requested size: 341.9989pt x 155.08061pt.

<Images/wave_tf_20_sig_pt1_4_vs8pplates_Mval_14.pdf, id=44, 1445.4pt x 691.5837
6pt>
File: Images/wave_tf_20_sig_pt1_4_vs8pplates_Mval_14.pdf Graphic file (type pdf
)
 <use Images/wave_tf_20_sig_pt1_4_vs8pplates_Mval_14.pdf>
Package pdftex.def Info: Images/wave_tf_20_sig_pt1_4_vs8pplates_Mval_14.pdf use
d on input line 32.
(pdftex.def)             Requested size: 341.9989pt x 163.63023pt.

<Images/histogram_tf_20_sig_pt1_4_vs8pplates_Mval_14.pdf, id=45, 1445.4pt x 655
.44875pt>
File: Images/histogram_tf_20_sig_pt1_4_vs8pplates_Mval_14.pdf Graphic file (typ
e pdf)
 <use Images/histogram_tf_20_sig_pt1_4_vs8pplates_Mval_14.pdf>
Package pdftex.def Info: Images/histogram_tf_20_sig_pt1_4_vs8pplates_Mval_14.pd
f used on input line 34.
(pdftex.def)             Requested size: 341.9989pt x 155.08061pt.

<Images/rmserr_tf_20_sig_pt1_4_vs8pplates_Mval_14.pdf, id=46, 1445.4pt x 720.69
25pt>
File: Images/rmserr_tf_20_sig_pt1_4_vs8pplates_Mval_14.pdf Graphic file (type p
df)
 <use Images/rmserr_tf_20_sig_pt1_4_vs8pplates_Mval_14.pdf>
Package pdftex.def Info: Images/rmserr_tf_20_sig_pt1_4_vs8pplates_Mval_14.pdf u
sed on input line 36.
(pdftex.def)             Requested size: 341.9989pt x 170.51743pt.


LaTeX Warning: Float too large for page by 10.86809pt on input line 41.


<Images/wave_tf_20_sig_pt1_4_vs8floats_Mval_1.pdf, id=47, 1445.4pt x 655.44875p
t>
File: Images/wave_tf_20_sig_pt1_4_vs8floats_Mval_1.pdf Graphic file (type pdf)
 <use Images/wave_tf_20_sig_pt1_4_vs8floats_Mval_1.pdf>
Package pdftex.def Info: Images/wave_tf_20_sig_pt1_4_vs8floats_Mval_1.pdf used 
on input line 53.
(pdftex.def)             Requested size: 341.9989pt x 155.08061pt.

<Images/histogram_tf_20_sig_pt1_4_vs_8floats_Mval_1.pdf, id=48, 1445.4pt x 655.
44875pt>
File: Images/histogram_tf_20_sig_pt1_4_vs_8floats_Mval_1.pdf Graphic file (type
 pdf)
 <use Images/histogram_tf_20_sig_pt1_4_vs_8floats_Mval_1.pdf>
Package pdftex.def Info: Images/histogram_tf_20_sig_pt1_4_vs_8floats_Mval_1.pdf
 used on input line 55.
(pdftex.def)             Requested size: 341.9989pt x 155.08061pt.

<Images/rmserr_tf_20_sig_pt1_4_vs8floats_Mval_1.pdf, id=49, 1445.4pt x 720.6925
pt>
File: Images/rmserr_tf_20_sig_pt1_4_vs8floats_Mval_1.pdf Graphic file (type pdf
)
 <use Images/rmserr_tf_20_sig_pt1_4_vs8floats_Mval_1.pdf>
Package pdftex.def Info: Images/rmserr_tf_20_sig_pt1_4_vs8floats_Mval_1.pdf use
d on input line 57.
(pdftex.def)             Requested size: 341.9989pt x 170.51743pt.


LaTeX Warning: Float too large for page by 2.31847pt on input line 62.


<Images/wave_tf_20_sig_pt1_4_vs8floats_Mval_14.pdf, id=50, 1445.4pt x 691.58376
pt>
File: Images/wave_tf_20_sig_pt1_4_vs8floats_Mval_14.pdf Graphic file (type pdf)

 <use Images/wave_tf_20_sig_pt1_4_vs8floats_Mval_14.pdf>
Package pdftex.def Info: Images/wave_tf_20_sig_pt1_4_vs8floats_Mval_14.pdf used
 on input line 67.
(pdftex.def)             Requested size: 341.9989pt x 163.63023pt.

<Images/histogram_tf_20_sig_pt1_4_vs_8floats_Mval_14.pdf, id=51, 1445.4pt x 655
.44875pt>
File: Images/histogram_tf_20_sig_pt1_4_vs_8floats_Mval_14.pdf Graphic file (typ
e pdf)
 <use Images/histogram_tf_20_sig_pt1_4_vs_8floats_Mval_14.pdf>
Package pdftex.def Info: Images/histogram_tf_20_sig_pt1_4_vs_8floats_Mval_14.pd
f used on input line 69.
(pdftex.def)             Requested size: 341.9989pt x 155.08061pt.

<Images/rmserr_tf_20_sig_pt1_4_vs8floats_Mval_14.pdf, id=52, 1445.4pt x 655.448
75pt>
File: Images/rmserr_tf_20_sig_pt1_4_vs8floats_Mval_14.pdf Graphic file (type pd
f)
 <use Images/rmserr_tf_20_sig_pt1_4_vs8floats_Mval_14.pdf>
Package pdftex.def Info: Images/rmserr_tf_20_sig_pt1_4_vs8floats_Mval_14.pdf us
ed on input line 71.
(pdftex.def)             Requested size: 341.9989pt x 155.08061pt.
) [9] [10 <./Images/wave_tf_20_sig_pt1_4_vs8pplates_Mval_1.pdf> <./Images/histo
gram_tf_20_sig_pt1_4_vs8pplates_Mval_1.pdf> <./Images/rmserr_tf_20_sig_pt1_4_vs
8pplates_Mval_1.pdf>] [11 <./Images/wave_tf_20_sig_pt1_4_vs8pplates_Mval_14.pdf
> <./Images/histogram_tf_20_sig_pt1_4_vs8pplates_Mval_14.pdf> <./Images/rmserr_
tf_20_sig_pt1_4_vs8pplates_Mval_14.pdf>] [12 <./Images/wave_tf_20_sig_pt1_4_vs8
floats_Mval_1.pdf> <./Images/histogram_tf_20_sig_pt1_4_vs_8floats_Mval_1.pdf> <
./Images/rmserr_tf_20_sig_pt1_4_vs8floats_Mval_1.pdf>] [13 <./Images/wave_tf_20
_sig_pt1_4_vs8floats_Mval_14.pdf> <./Images/histogram_tf_20_sig_pt1_4_vs_8float
s_Mval_14.pdf> <./Images/rmserr_tf_20_sig_pt1_4_vs8floats_Mval_14.pdf>] (data_a
ssimilation.bbl
[14]) [15] (data_assimilation.aux) ) 
Here is how much of TeX's memory you used:
 3343 strings out of 493634
 50815 string characters out of 3135239
 114622 words of memory out of 3000000
 6687 multiletter control sequences out of 15000+200000
 12319 words of font info for 46 fonts, out of 3000000 for 9000
 1025 hyphenation exceptions out of 8191
 38i,12n,39p,1210b,329s stack positions out of 5000i,500n,10000p,200000b,50000s
<C:/Users/Chris/AppData/Local/Programs/MiKT
eX 2.9/fonts/type1/public/amsfonts/cm/cmbx10.pfb><C:/Users/Chris/AppData/Local/
Programs/MiKTeX 2.9/fonts/type1/public/amsfonts/cm/cmbx12.pfb><C:/Users/Chris/A
ppData/Local/Programs/MiKTeX 2.9/fonts/type1/public/amsfonts/cm/cmbx8.pfb><C:/U
sers/Chris/AppData/Local/Programs/MiKTeX 2.9/fonts/type1/public/amsfonts/cm/cme
x10.pfb><C:/Users/Chris/AppData/Local/Programs/MiKTeX 2.9/fonts/type1/public/am
sfonts/cmextra/cmex8.pfb><C:/Users/Chris/AppData/Local/Programs/MiKTeX 2.9/font
s/type1/public/amsfonts/cm/cmmi10.pfb><C:/Users/Chris/AppData/Local/Programs/Mi
KTeX 2.9/fonts/type1/public/amsfonts/cm/cmmi6.pfb><C:/Users/Chris/AppData/Local
/Programs/MiKTeX 2.9/fonts/type1/public/amsfonts/cm/cmmi8.pfb><C:/Users/Chris/A
ppData/Local/Programs/MiKTeX 2.9/fonts/type1/public/amsfonts/cm/cmr10.pfb><C:/U
sers/Chris/AppData/Local/Programs/MiKTeX 2.9/fonts/type1/public/amsfonts/cm/cmr
17.pfb><C:/Users/Chris/AppData/Local/Programs/MiKTeX 2.9/fonts/type1/public/ams
fonts/cm/cmr8.pfb><C:/Users/Chris/AppData/Local/Programs/MiKTeX 2.9/fonts/type1
/public/amsfonts/cm/cmsy10.pfb><C:/Users/Chris/AppData/Local/Programs/MiKTeX 2.
9/fonts/type1/public/amsfonts/cm/cmsy8.pfb><C:/Users/Chris/AppData/Local/Progra
ms/MiKTeX 2.9/fonts/type1/public/amsfonts/cm/cmti10.pfb><C:/Users/Chris/AppData
/Local/Programs/MiKTeX 2.9/fonts/type1/public/amsfonts/symbols/msbm10.pfb>
Output written on data_assimilation.pdf (15 pages, 328696 bytes).
PDF statistics:
 355 PDF objects out of 1000 (max. 8388607)
 0 named destinations out of 1000 (max. 500000)
 61 words of extra memory for PDF output out of 10000 (max. 10000000)

