This is pdfTeX, Version 3.1415926-2.5-1.40.14 (MiKTeX 2.9 64-bit) (preloaded format=pdflatex 2013.10.8)  18 JUL 2018 14:52
entering extended mode
**data_assimilation.tex

("D:\My Documents\Desktop\Shallow-Water-Data-Assimilation-Git-Clone\writeup_fin
ite_depth\data_assimilation.tex"
LaTeX2e <2011/06/27>
Babel <v3.8m> and hyphenation patterns for english, afrikaans, ancientgreek, ar
abic, armenian, assamese, basque, bengali, bokmal, bulgarian, catalan, coptic, 
croatian, czech, danish, dutch, esperanto, estonian, farsi, finnish, french, ga
lician, german, german-x-2013-05-26, greek, gujarati, hindi, hungarian, iceland
ic, indonesian, interlingua, irish, italian, kannada, kurmanji, latin, latvian,
 lithuanian, malayalam, marathi, mongolian, mongolianlmc, monogreek, ngerman, n
german-x-2013-05-26, nynorsk, oriya, panjabi, pinyin, polish, portuguese, roman
ian, russian, sanskrit, serbian, slovak, slovenian, spanish, swedish, swissgerm
an, tamil, telugu, turkish, turkmen, ukenglish, ukrainian, uppersorbian, usengl
ishmax, welsh, loaded.
("C:\Program Files\MiKTeX 2.9\tex\latex\base\article.cls"
Document Class: article 2007/10/19 v1.4h Standard LaTeX document class
("C:\Program Files\MiKTeX 2.9\tex\latex\base\size11.clo"
File: size11.clo 2007/10/19 v1.4h Standard LaTeX file (size option)
)
\c@part=\count79
\c@section=\count80
\c@subsection=\count81
\c@subsubsection=\count82
\c@paragraph=\count83
\c@subparagraph=\count84
\c@figure=\count85
\c@table=\count86
\abovecaptionskip=\skip41
\belowcaptionskip=\skip42
\bibindent=\dimen102
)
("D:\My Documents\Desktop\Shallow-Water-Data-Assimilation-Git-Clone\writeup_fin
ite_depth\Sections/header.tex"
("C:\Program Files\MiKTeX 2.9\tex\latex\amsmath\amsmath.sty"
Package: amsmath 2013/01/14 v2.14 AMS math features
\@mathmargin=\skip43

For additional information on amsmath, use the `?' option.
("C:\Program Files\MiKTeX 2.9\tex\latex\amsmath\amstext.sty"
Package: amstext 2000/06/29 v2.01

("C:\Program Files\MiKTeX 2.9\tex\latex\amsmath\amsgen.sty"
File: amsgen.sty 1999/11/30 v2.0
\@emptytoks=\toks14
\ex@=\dimen103
))
("C:\Program Files\MiKTeX 2.9\tex\latex\amsmath\amsbsy.sty"
Package: amsbsy 1999/11/29 v1.2d
\pmbraise@=\dimen104
)
("C:\Program Files\MiKTeX 2.9\tex\latex\amsmath\amsopn.sty"
Package: amsopn 1999/12/14 v2.01 operator names
)
\inf@bad=\count87
LaTeX Info: Redefining \frac on input line 210.
\uproot@=\count88
\leftroot@=\count89
LaTeX Info: Redefining \overline on input line 306.
\classnum@=\count90
\DOTSCASE@=\count91
LaTeX Info: Redefining \ldots on input line 378.
LaTeX Info: Redefining \dots on input line 381.
LaTeX Info: Redefining \cdots on input line 466.
\Mathstrutbox@=\box26
\strutbox@=\box27
\big@size=\dimen105
LaTeX Font Info:    Redeclaring font encoding OML on input line 566.
LaTeX Font Info:    Redeclaring font encoding OMS on input line 567.
\macc@depth=\count92
\c@MaxMatrixCols=\count93
\dotsspace@=\muskip10
\c@parentequation=\count94
\dspbrk@lvl=\count95
\tag@help=\toks15
\row@=\count96
\column@=\count97
\maxfields@=\count98
\andhelp@=\toks16
\eqnshift@=\dimen106
\alignsep@=\dimen107
\tagshift@=\dimen108
\tagwidth@=\dimen109
\totwidth@=\dimen110
\lineht@=\dimen111
\@envbody=\toks17
\multlinegap=\skip44
\multlinetaggap=\skip45
\mathdisplay@stack=\toks18
LaTeX Info: Redefining \[ on input line 2665.
LaTeX Info: Redefining \] on input line 2666.
)
("C:\Program Files\MiKTeX 2.9\tex\latex\amsfonts\amssymb.sty"
Package: amssymb 2013/01/14 v3.01 AMS font symbols

("C:\Program Files\MiKTeX 2.9\tex\latex\amsfonts\amsfonts.sty"
Package: amsfonts 2013/01/14 v3.01 Basic AMSFonts support
\symAMSa=\mathgroup4
\symAMSb=\mathgroup5
LaTeX Font Info:    Overwriting math alphabet `\mathfrak' in version `bold'
(Font)                  U/euf/m/n --> U/euf/b/n on input line 106.
))
("C:\Program Files\MiKTeX 2.9\tex\latex\amscls\amsthm.sty"
Package: amsthm 2004/08/06 v2.20
\thm@style=\toks19
\thm@bodyfont=\toks20
\thm@headfont=\toks21
\thm@notefont=\toks22
\thm@headpunct=\toks23
\thm@preskip=\skip46
\thm@postskip=\skip47
\thm@headsep=\skip48
\dth@everypar=\toks24
)
("C:\Program Files\MiKTeX 2.9\tex\latex\graphics\graphicx.sty"
Package: graphicx 1999/02/16 v1.0f Enhanced LaTeX Graphics (DPC,SPQR)

("C:\Program Files\MiKTeX 2.9\tex\latex\graphics\keyval.sty"
Package: keyval 1999/03/16 v1.13 key=value parser (DPC)
\KV@toks@=\toks25
)
("C:\Program Files\MiKTeX 2.9\tex\latex\graphics\graphics.sty"
Package: graphics 2009/02/05 v1.0o Standard LaTeX Graphics (DPC,SPQR)

("C:\Program Files\MiKTeX 2.9\tex\latex\graphics\trig.sty"
Package: trig 1999/03/16 v1.09 sin cos tan (DPC)
)
("C:\Program Files\MiKTeX 2.9\tex\latex\00miktex\graphics.cfg"
File: graphics.cfg 2007/01/18 v1.5 graphics configuration of teTeX/TeXLive
)
Package graphics Info: Driver file: pdftex.def on input line 91.

("C:\Program Files\MiKTeX 2.9\tex\latex\pdftex-def\pdftex.def"
File: pdftex.def 2011/05/27 v0.06d Graphics/color for pdfTeX

("C:\Program Files\MiKTeX 2.9\tex\generic\oberdiek\infwarerr.sty"
Package: infwarerr 2010/04/08 v1.3 Providing info/warning/error messages (HO)
)
("C:\Program Files\MiKTeX 2.9\tex\generic\oberdiek\ltxcmds.sty"
Package: ltxcmds 2011/11/09 v1.22 LaTeX kernel commands for general use (HO)
)
\Gread@gobject=\count99
))
\Gin@req@height=\dimen112
\Gin@req@width=\dimen113
)
("C:\Program Files\MiKTeX 2.9\tex\latex\caption\caption.sty"
Package: caption 2013/05/02 v3.3-89 Customizing captions (AR)

("C:\Program Files\MiKTeX 2.9\tex\latex\caption\caption3.sty"
Package: caption3 2013/05/02 v1.6-88 caption3 kernel (AR)
Package caption3 Info: TeX engine: e-TeX on input line 57.
\captionmargin=\dimen114
\captionmargin@=\dimen115
\captionwidth=\dimen116
\caption@tempdima=\dimen117
\caption@indent=\dimen118
\caption@parindent=\dimen119
\caption@hangindent=\dimen120
)
\c@ContinuedFloat=\count100
)
("C:\Program Files\MiKTeX 2.9\tex\latex\caption\subcaption.sty"
Package: subcaption 2013/02/03 v1.1-62 Sub-captions (AR)
\c@subfigure=\count101
\c@subtable=\count102
)
\c@thm=\count103
\c@lem=\count104
)
("D:\My Documents\Desktop\Shallow-Water-Data-Assimilation-Git-Clone\writeup_fin
ite_depth\data_assimilation.aux")
LaTeX Font Info:    Checking defaults for OML/cmm/m/it on input line 7.
LaTeX Font Info:    ... okay on input line 7.
LaTeX Font Info:    Checking defaults for T1/cmr/m/n on input line 7.
LaTeX Font Info:    ... okay on input line 7.
LaTeX Font Info:    Checking defaults for OT1/cmr/m/n on input line 7.
LaTeX Font Info:    ... okay on input line 7.
LaTeX Font Info:    Checking defaults for OMS/cmsy/m/n on input line 7.
LaTeX Font Info:    ... okay on input line 7.
LaTeX Font Info:    Checking defaults for OMX/cmex/m/n on input line 7.
LaTeX Font Info:    ... okay on input line 7.
LaTeX Font Info:    Checking defaults for U/cmr/m/n on input line 7.
LaTeX Font Info:    ... okay on input line 7.

("C:\Program Files\MiKTeX 2.9\tex\context\base\supp-pdf.mkii"
[Loading MPS to PDF converter (version 2006.09.02).]
\scratchcounter=\count105
\scratchdimen=\dimen121
\scratchbox=\box28
\nofMPsegments=\count106
\nofMParguments=\count107
\everyMPshowfont=\toks26
\MPscratchCnt=\count108
\MPscratchDim=\dimen122
\MPnumerator=\count109
\makeMPintoPDFobject=\count110
\everyMPtoPDFconversion=\toks27
)
Package caption Info: Begin \AtBeginDocument code.
Package caption Info: End \AtBeginDocument code.
LaTeX Font Info:    Try loading font information for U+msa on input line 8.
 ("C:\Program Files\MiKTeX 2.9\tex\latex\amsfonts\umsa.fd"
File: umsa.fd 2013/01/14 v3.01 AMS symbols A
)
LaTeX Font Info:    Try loading font information for U+msb on input line 8.

("C:\Program Files\MiKTeX 2.9\tex\latex\amsfonts\umsb.fd"
File: umsb.fd 2013/01/14 v3.01 AMS symbols B
)

LaTeX Warning: No \author given.


("D:\My Documents\Desktop\Shallow-Water-Data-Assimilation-Git-Clone\writeup_fin
ite_depth\Sections/introduction.tex" [1

{C:/ProgramData/MiKTeX/2.9/pdftex/config/pdftex.map}])
("D:\My Documents\Desktop\Shallow-Water-Data-Assimilation-Git-Clone\writeup_fin
ite_depth\Sections/afm_dno_method.tex" [2])
("D:\My Documents\Desktop\Shallow-Water-Data-Assimilation-Git-Clone\writeup_fin
ite_depth\Sections/the_kalman_filter.tex" [3] [4] [5]
Overfull \hbox (6.75432pt too wide) detected at line 84
[]\OT1/cmr/m/n/10.95 (\OML/cmm/m/it/10.95 x; t\OT1/cmr/m/n/10.95 ) = [] [] \OML
/cmm/m/it/10.95 ;
 []

) [6]
("D:\My Documents\Desktop\Shallow-Water-Data-Assimilation-Git-Clone\writeup_fin
ite_depth\Sections/assimilation.tex" [7]
<./Images/pwise_sig_pt1_srate_pt5_Nens_200_Np_4_tf_20_M_0.pdf, id=39, 1433.355p
t x 691.58376pt>
File: ./Images/pwise_sig_pt1_srate_pt5_Nens_200_Np_4_tf_20_M_0.pdf Graphic file
 (type pdf)

<use ./Images/pwise_sig_pt1_srate_pt5_Nens_200_Np_4_tf_20_M_0.pdf>
Package pdftex.def Info: ./Images/pwise_sig_pt1_srate_pt5_Nens_200_Np_4_tf_20_M
_0.pdf used on input line 39.
(pdftex.def)             Requested size: 288.0011pt x 138.95801pt.

<./Images/pspec_sig_pt1_srate_pt5_Nens_200_Np_4_tf_20_M_0.pdf, id=40, 1433.355p
t x 691.58376pt>
File: ./Images/pspec_sig_pt1_srate_pt5_Nens_200_Np_4_tf_20_M_0.pdf Graphic file
 (type pdf)

<use ./Images/pspec_sig_pt1_srate_pt5_Nens_200_Np_4_tf_20_M_0.pdf>
Package pdftex.def Info: ./Images/pspec_sig_pt1_srate_pt5_Nens_200_Np_4_tf_20_M
_0.pdf used on input line 41.
(pdftex.def)             Requested size: 288.0011pt x 138.95801pt.

<./Images/error_sig_pt1_srate_pt5_Nens_200_Np_4_tf_20_M_0.pdf, id=41, 1433.355p
t x 691.58376pt>
File: ./Images/error_sig_pt1_srate_pt5_Nens_200_Np_4_tf_20_M_0.pdf Graphic file
 (type pdf)

<use ./Images/error_sig_pt1_srate_pt5_Nens_200_Np_4_tf_20_M_0.pdf>
Package pdftex.def Info: ./Images/error_sig_pt1_srate_pt5_Nens_200_Np_4_tf_20_M
_0.pdf used on input line 43.
(pdftex.def)             Requested size: 288.0011pt x 138.95801pt.
 [8]

LaTeX Warning: `!h' float specifier changed to `!ht'.


<./Images/pwise_sig_pt1_srate_pt5_Nens_200_Np_4_tf_20_M_1.pdf, id=45, 1433.355p
t x 691.58376pt>
File: ./Images/pwise_sig_pt1_srate_pt5_Nens_200_Np_4_tf_20_M_1.pdf Graphic file
 (type pdf)

<use ./Images/pwise_sig_pt1_srate_pt5_Nens_200_Np_4_tf_20_M_1.pdf>
Package pdftex.def Info: ./Images/pwise_sig_pt1_srate_pt5_Nens_200_Np_4_tf_20_M
_1.pdf used on input line 52.
(pdftex.def)             Requested size: 288.0011pt x 138.95801pt.

<./Images/pspec_sig_pt1_srate_pt5_Nens_200_Np_4_tf_20_M_1.pdf, id=46, 1433.355p
t x 691.58376pt>
File: ./Images/pspec_sig_pt1_srate_pt5_Nens_200_Np_4_tf_20_M_1.pdf Graphic file
 (type pdf)

<use ./Images/pspec_sig_pt1_srate_pt5_Nens_200_Np_4_tf_20_M_1.pdf>
Package pdftex.def Info: ./Images/pspec_sig_pt1_srate_pt5_Nens_200_Np_4_tf_20_M
_1.pdf used on input line 54.
(pdftex.def)             Requested size: 288.0011pt x 138.95801pt.

<./Images/error_sig_pt1_srate_pt5_Nens_200_Np_4_tf_20_M_1.pdf, id=47, 1433.355p
t x 691.58376pt>
File: ./Images/error_sig_pt1_srate_pt5_Nens_200_Np_4_tf_20_M_1.pdf Graphic file
 (type pdf)

<use ./Images/error_sig_pt1_srate_pt5_Nens_200_Np_4_tf_20_M_1.pdf>
Package pdftex.def Info: ./Images/error_sig_pt1_srate_pt5_Nens_200_Np_4_tf_20_M
_1.pdf used on input line 56.
(pdftex.def)             Requested size: 288.0011pt x 138.95801pt.


LaTeX Warning: `!h' float specifier changed to `!ht'.


<./Images/pwise_sig_pt1_srate_pt5_Nens_200_Np_4_tf_20_M_14.pdf, id=48, 1433.355
pt x 691.58376pt>
File: ./Images/pwise_sig_pt1_srate_pt5_Nens_200_Np_4_tf_20_M_14.pdf Graphic fil
e (type pdf)

<use ./Images/pwise_sig_pt1_srate_pt5_Nens_200_Np_4_tf_20_M_14.pdf>
Package pdftex.def Info: ./Images/pwise_sig_pt1_srate_pt5_Nens_200_Np_4_tf_20_M
_14.pdf used on input line 65.
(pdftex.def)             Requested size: 288.0011pt x 138.95801pt.

<./Images/pspec_sig_pt1_srate_pt5_Nens_200_Np_4_tf_20_M_14.pdf, id=49, 1433.355
pt x 691.58376pt>
File: ./Images/pspec_sig_pt1_srate_pt5_Nens_200_Np_4_tf_20_M_14.pdf Graphic fil
e (type pdf)

<use ./Images/pspec_sig_pt1_srate_pt5_Nens_200_Np_4_tf_20_M_14.pdf>
Package pdftex.def Info: ./Images/pspec_sig_pt1_srate_pt5_Nens_200_Np_4_tf_20_M
_14.pdf used on input line 67.
(pdftex.def)             Requested size: 288.0011pt x 138.95801pt.

<./Images/error_sig_pt1_srate_pt5_Nens_200_Np_4_tf_20_M_14.pdf, id=50, 1433.355
pt x 691.58376pt>
File: ./Images/error_sig_pt1_srate_pt5_Nens_200_Np_4_tf_20_M_14.pdf Graphic fil
e (type pdf)

<use ./Images/error_sig_pt1_srate_pt5_Nens_200_Np_4_tf_20_M_14.pdf>
Package pdftex.def Info: ./Images/error_sig_pt1_srate_pt5_Nens_200_Np_4_tf_20_M
_14.pdf used on input line 69.
(pdftex.def)             Requested size: 288.0011pt x 138.95801pt.


LaTeX Warning: `!h' float specifier changed to `!ht'.

) [9]
("D:\My Documents\Desktop\Shallow-Water-Data-Assimilation-Git-Clone\writeup_fin
ite_depth\data_assimilation.bbl"
Overfull \vbox (3.55737pt too high) has occurred while \output is active []


[10 <D:/My Documents/Desktop/Shallow-Water-Data-Assimilation-Git-Clone/writeup_
finite_depth/Images/pwise_sig_pt1_srate_pt5_Nens_200_Np_4_tf_20_M_0.pdf> <D:/My
 Documents/Desktop/Shallow-Water-Data-Assimilation-Git-Clone/writeup_finite_dep
th/Images/pspec_sig_pt1_srate_pt5_Nens_200_Np_4_tf_20_M_0.pdf> <D:/My Documents
/Desktop/Shallow-Water-Data-Assimilation-Git-Clone/writeup_finite_depth/Images/
error_sig_pt1_srate_pt5_Nens_200_Np_4_tf_20_M_0.pdf>] [11 <D:/My Documents/Desk
top/Shallow-Water-Data-Assimilation-Git-Clone/writeup_finite_depth/Images/pwise
_sig_pt1_srate_pt5_Nens_200_Np_4_tf_20_M_1.pdf> <D:/My Documents/Desktop/Shallo
w-Water-Data-Assimilation-Git-Clone/writeup_finite_depth/Images/pspec_sig_pt1_s
rate_pt5_Nens_200_Np_4_tf_20_M_1.pdf> <D:/My Documents/Desktop/Shallow-Water-Da
ta-Assimilation-Git-Clone/writeup_finite_depth/Images/error_sig_pt1_srate_pt5_N
ens_200_Np_4_tf_20_M_1.pdf>] [12 <D:/My Documents/Desktop/Shallow-Water-Data-As
similation-Git-Clone/writeup_finite_depth/Images/pwise_sig_pt1_srate_pt5_Nens_2
00_Np_4_tf_20_M_14.pdf> <D:/My Documents/Desktop/Shallow-Water-Data-Assimilatio
n-Git-Clone/writeup_finite_depth/Images/pspec_sig_pt1_srate_pt5_Nens_200_Np_4_t
f_20_M_14.pdf> <D:/My Documents/Desktop/Shallow-Water-Data-Assimilation-Git-Clo
ne/writeup_finite_depth/Images/error_sig_pt1_srate_pt5_Nens_200_Np_4_tf_20_M_14
.pdf>]) [13]
("D:\My Documents\Desktop\Shallow-Water-Data-Assimilation-Git-Clone\writeup_fin
ite_depth\data_assimilation.aux") ) 
Here is how much of TeX's memory you used:
 3311 strings out of 493921
 50402 string characters out of 3147276
 109362 words of memory out of 3000000
 6566 multiletter control sequences out of 15000+200000
 12319 words of font info for 46 fonts, out of 3000000 for 9000
 841 hyphenation exceptions out of 8191
 38i,12n,38p,986b,325s stack positions out of 5000i,500n,10000p,200000b,50000s
<C:/Program Files/MiKTeX 2.9/fonts/type1/pub
lic/amsfonts/cm/cmbx12.pfb><C:/Program Files/MiKTeX 2.9/fonts/type1/public/amsf
onts/cm/cmbx8.pfb><C:/Program Files/MiKTeX 2.9/fonts/type1/public/amsfonts/cm/c
mex10.pfb><C:/Program Files/MiKTeX 2.9/fonts/type1/public/amsfonts/cmextra/cmex
8.pfb><C:/Program Files/MiKTeX 2.9/fonts/type1/public/amsfonts/cm/cmmi10.pfb><C
:/Program Files/MiKTeX 2.9/fonts/type1/public/amsfonts/cm/cmmi6.pfb><C:/Program
 Files/MiKTeX 2.9/fonts/type1/public/amsfonts/cm/cmmi8.pfb><C:/Program Files/Mi
KTeX 2.9/fonts/type1/public/amsfonts/cm/cmr10.pfb><C:/Program Files/MiKTeX 2.9/
fonts/type1/public/amsfonts/cm/cmr17.pfb><C:/Program Files/MiKTeX 2.9/fonts/typ
e1/public/amsfonts/cm/cmr6.pfb><C:/Program Files/MiKTeX 2.9/fonts/type1/public/
amsfonts/cm/cmr8.pfb><C:/Program Files/MiKTeX 2.9/fonts/type1/public/amsfonts/c
m/cmsy10.pfb><C:/Program Files/MiKTeX 2.9/fonts/type1/public/amsfonts/cm/cmsy8.
pfb><C:/Program Files/MiKTeX 2.9/fonts/type1/public/amsfonts/cm/cmti10.pfb><C:/
Program Files/MiKTeX 2.9/fonts/type1/public/amsfonts/symbols/msbm10.pfb>
Output written on data_assimilation.pdf (13 pages, 423645 bytes).
PDF statistics:
 141 PDF objects out of 1000 (max. 8388607)
 0 named destinations out of 1000 (max. 500000)
 46 words of extra memory for PDF output out of 10000 (max. 10000000)

